[('body', [<ast.Assign object at 0x7f893c293f70>, <ast.If object at 0x7f893c293f10>, <ast.Assign object at 0x7f893c293dc0>, <ast.If object at 0x7f893c293250>, <ast.For object at 0x7f893c293850>, <ast.Expr object at 0x7f893c3c5540>]), ('type_ignores', [])]
	[('targets', [<ast.Name object at 0x7f893c293f40>]), ('value', <ast.Call object at 0x7f893c293ee0>), ('type_comment', None)]
		[('id', 'n'), ('ctx', <ast.Store object at 0x7f894cb601f0>)]
		[('func', <ast.Name object at 0x7f893c293eb0>), ('args', [<ast.Call object at 0x7f893c293e80>]), ('keywords', [])]
			[('id', 'int'), ('ctx', <ast.Load object at 0x7f894cb60190>)]
			[('func', <ast.Name object at 0x7f893c293e50>), ('args', []), ('keywords', [])]
				[('id', 'input'), ('ctx', <ast.Load object at 0x7f894cb60190>)]
	[('test', <ast.Compare object at 0x7f893c293e20>), ('body', [<ast.Expr object at 0x7f893c293d60>, <ast.Expr object at 0x7f893c293c70>]), ('orelse', [])]
		[('left', <ast.Name object at 0x7f893c293df0>), ('ops', [<ast.Lt object at 0x7f894cb60b80>]), ('comparators', [<ast.Constant object at 0x7f893c293d90>])]
			[('id', 'n'), ('ctx', <ast.Load object at 0x7f894cb60190>)]
			[('value', 0), ('kind', None)]
		[('value', <ast.Call object at 0x7f893c293d30>)]
			[('func', <ast.Name object at 0x7f893c293d00>), ('args', [<ast.Constant object at 0x7f893c293cd0>]), ('keywords', [])]
				[('id', 'print'), ('ctx', <ast.Load object at 0x7f894cb60190>)]
				[('value', 'n is negative'), ('kind', None)]
		[('value', <ast.Call object at 0x7f893c293c40>)]
			[('func', <ast.Name object at 0x7f893c293c10>), ('args', [<ast.UnaryOp object at 0x7f893c293be0>]), ('keywords', [])]
				[('id', 'exit'), ('ctx', <ast.Load object at 0x7f894cb60190>)]
				[('op', <ast.USub object at 0x7f894cb60a30>), ('operand', <ast.Constant object at 0x7f893c293bb0>)]
					[('value', 1), ('kind', None)]
	[('targets', [<ast.Name object at 0x7f893c293760>]), ('value', <ast.BinOp object at 0x7f893c293af0>), ('type_comment', None)]
		[('id', 'fib'), ('ctx', <ast.Store object at 0x7f894cb601f0>)]
		[('left', <ast.List object at 0x7f893c293b20>), ('op', <ast.Mult object at 0x7f894cb60490>), ('right', <ast.Name object at 0x7f893c2935b0>)]
			[('elts', [<ast.Constant object at 0x7f893c293790>]), ('ctx', <ast.Load object at 0x7f894cb60190>)]
				[('value', 0), ('kind', None)]
			[('id', 'n'), ('ctx', <ast.Load object at 0x7f894cb60190>)]
	[('test', <ast.Compare object at 0x7f893c293a00>), ('body', [<ast.Assign object at 0x7f893c293970>]), ('orelse', [])]
		[('left', <ast.Name object at 0x7f893c2939d0>), ('ops', [<ast.GtE object at 0x7f894cb60ca0>]), ('comparators', [<ast.Constant object at 0x7f893c2939a0>])]
			[('id', 'n'), ('ctx', <ast.Load object at 0x7f894cb60190>)]
			[('value', 2), ('kind', None)]
		[('targets', [<ast.Subscript object at 0x7f893c293910>]), ('value', <ast.Constant object at 0x7f893c2938b0>), ('type_comment', None)]
			[('value', <ast.Name object at 0x7f893c2938e0>), ('slice', <ast.Constant object at 0x7f893c293880>), ('ctx', <ast.Store object at 0x7f894cb601f0>)]
				[('id', 'fib'), ('ctx', <ast.Load object at 0x7f894cb60190>)]
				[('value', 1), ('kind', None)]
			[('value', 1), ('kind', None)]
	[('target', <ast.Name object at 0x7f893c3c5570>), ('iter', <ast.Call object at 0x7f893c3c5480>), ('body', [<ast.Assign object at 0x7f893c3c5450>]), ('orelse', []), ('type_comment', None)]
		[('id', 'i'), ('ctx', <ast.Store object at 0x7f894cb601f0>)]
		[('func', <ast.Name object at 0x7f893c3c5510>), ('args', [<ast.Constant object at 0x7f893c3c4400>, <ast.Name object at 0x7f893c3c44c0>]), ('keywords', [])]
			[('id', 'range'), ('ctx', <ast.Load object at 0x7f894cb60190>)]
			[('value', 2), ('kind', None)]
			[('id', 'n'), ('ctx', <ast.Load object at 0x7f894cb60190>)]
		[('targets', [<ast.Subscript object at 0x7f893c3c4d30>]), ('value', <ast.BinOp object at 0x7f893c3c4ac0>), ('type_comment', None)]
			[('value', <ast.Name object at 0x7f893c3c4c10>), ('slice', <ast.Name object at 0x7f893c3c54e0>), ('ctx', <ast.Store object at 0x7f894cb601f0>)]
				[('id', 'fib'), ('ctx', <ast.Load object at 0x7f894cb60190>)]
				[('id', 'i'), ('ctx', <ast.Load object at 0x7f894cb60190>)]
			[('left', <ast.Subscript object at 0x7f893c3c4a00>), ('op', <ast.Add object at 0x7f894cb603d0>), ('right', <ast.Subscript object at 0x7f893c3c4190>)]
				[('value', <ast.Name object at 0x7f893c3c4970>), ('slice', <ast.BinOp object at 0x7f893c3c4910>), ('ctx', <ast.Load object at 0x7f894cb60190>)]
					[('id', 'fib'), ('ctx', <ast.Load object at 0x7f894cb60190>)]
					[('left', <ast.Name object at 0x7f893c3c4760>), ('op', <ast.Sub object at 0x7f894cb60430>), ('right', <ast.Constant object at 0x7f893c3c42b0>)]
						[('id', 'i'), ('ctx', <ast.Load object at 0x7f894cb60190>)]
						[('value', 1), ('kind', None)]
				[('value', <ast.Name object at 0x7f893c387fa0>), ('slice', <ast.BinOp object at 0x7f893c385570>), ('ctx', <ast.Load object at 0x7f894cb60190>)]
					[('id', 'fib'), ('ctx', <ast.Load object at 0x7f894cb60190>)]
					[('left', <ast.Name object at 0x7f893c3870d0>), ('op', <ast.Sub object at 0x7f894cb60430>), ('right', <ast.Constant object at 0x7f893ce20460>)]
						[('id', 'i'), ('ctx', <ast.Load object at 0x7f894cb60190>)]
						[('value', 2), ('kind', None)]
	[('value', <ast.Call object at 0x7f893ce20490>)]
		[('func', <ast.Name object at 0x7f893d1fffd0>), ('args', [<ast.Starred object at 0x7f893c00cdc0>]), ('keywords', [])]
			[('id', 'print'), ('ctx', <ast.Load object at 0x7f894cb60190>)]
			[('value', <ast.Name object at 0x7f893c00cd90>), ('ctx', <ast.Load object at 0x7f894cb60190>)]
				[('id', 'fib'), ('ctx', <ast.Load object at 0x7f894cb60190>)]
