Module(
    body=[
        Assign(
            targets=[
                Name(id='greetings', ctx=Store())],
            value=Constant(value='Hello, world!')),
        Expr(
            value=Call(
                func=Name(id='print', ctx=Load()),
                args=[
                    Name(id='greetings', ctx=Load())],
                keywords=[]))],
    type_ignores=[])
<ast.Module object at 0x7f26475abe50>
	<ast.Assign object at 0x7f26475abfa0>
		<ast.Name object at 0x7f26475aaf80>
		<ast.Constant object at 0x7f2648064310>
	<ast.Expr object at 0x7f26475a9420>
		<ast.Call object at 0x7f2648437fd0>
			<ast.Name object at 0x7f2648437f70>
			<ast.Name object at 0x7f26475e9300>