[('body', [<ast.Assign object at 0x7f211e45c0a0>, <ast.If object at 0x7f211e45ca60>, <ast.Assign object at 0x7f211e45cc70>, <ast.If object at 0x7f211e45cfd0>, <ast.For object at 0x7f211e45d120>, <ast.Expr object at 0x7f211e45d150>]), ('type_ignores', [])]
	[('targets', [<ast.Name object at 0x7f211e45ca30>]), ('value', <ast.Call object at 0x7f211e45ca90>), ('type_comment', None)]
		[('id', 'n'), ('ctx', <ast.Store object at 0x7f212ddbc1f0>)]
		[('func', <ast.Name object at 0x7f211e45cac0>), ('args', [<ast.Call object at 0x7f211e45caf0>]), ('keywords', [])]
			[('id', 'int'), ('ctx', <ast.Load object at 0x7f212ddbc190>)]
			[('func', <ast.Name object at 0x7f211e45cb20>), ('args', []), ('keywords', [])]
				[('id', 'input'), ('ctx', <ast.Load object at 0x7f212ddbc190>)]
	[('test', <ast.Compare object at 0x7f211e45cc10>), ('body', [<ast.Expr object at 0x7f211e45ccd0>, <ast.Expr object at 0x7f211e45cdc0>]), ('orelse', [])]
		[('left', <ast.Name object at 0x7f211e45cc40>), ('ops', [<ast.Lt object at 0x7f212ddbcb80>]), ('comparators', [<ast.Constant object at 0x7f211e45cca0>])]
			[('id', 'n'), ('ctx', <ast.Load object at 0x7f212ddbc190>)]
			[('value', 0), ('kind', None)]
		[('value', <ast.Call object at 0x7f211e45cd00>)]
			[('func', <ast.Name object at 0x7f211e45cd30>), ('args', [<ast.Constant object at 0x7f211e45cd60>]), ('keywords', [])]
				[('id', 'print'), ('ctx', <ast.Load object at 0x7f212ddbc190>)]
				[('value', 'n is negative'), ('kind', None)]
		[('value', <ast.Call object at 0x7f211e45cdf0>)]
			[('func', <ast.Name object at 0x7f211e45ce20>), ('args', [<ast.UnaryOp object at 0x7f211e45ce50>]), ('keywords', [])]
				[('id', 'exit'), ('ctx', <ast.Load object at 0x7f212ddbc190>)]
				[('op', <ast.USub object at 0x7f212ddbca30>), ('operand', <ast.Constant object at 0x7f211e45ceb0>)]
					[('value', 1), ('kind', None)]
	[('targets', [<ast.Name object at 0x7f211e45cee0>]), ('value', <ast.BinOp object at 0x7f211e45cf40>), ('type_comment', None)]
		[('id', 'fib'), ('ctx', <ast.Store object at 0x7f212ddbc1f0>)]
		[('left', <ast.List object at 0x7f211e45cf70>), ('op', <ast.Mult object at 0x7f212ddbc490>), ('right', <ast.Name object at 0x7f211e45d000>)]
			[('elts', [<ast.Constant object at 0x7f211e45cfa0>]), ('ctx', <ast.Load object at 0x7f212ddbc190>)]
				[('value', 0), ('kind', None)]
			[('id', 'n'), ('ctx', <ast.Load object at 0x7f212ddbc190>)]
	[('test', <ast.Compare object at 0x7f211e45d030>), ('body', [<ast.Assign object at 0x7f211e45d090>]), ('orelse', [])]
		[('left', <ast.Name object at 0x7f211e45d0c0>), ('ops', [<ast.GtE object at 0x7f212ddbcca0>]), ('comparators', [<ast.Constant object at 0x7f211e45d060>])]
			[('id', 'n'), ('ctx', <ast.Load object at 0x7f212ddbc190>)]
			[('value', 2), ('kind', None)]
		[('targets', [<ast.Subscript object at 0x7f211e45d2d0>]), ('value', <ast.Constant object at 0x7f211e45d0f0>), ('type_comment', None)]
			[('value', <ast.Name object at 0x7f211e45d1b0>), ('slice', <ast.Constant object at 0x7f211e45d180>), ('ctx', <ast.Store object at 0x7f212ddbc1f0>)]
				[('id', 'fib'), ('ctx', <ast.Load object at 0x7f212ddbc190>)]
				[('value', 1), ('kind', None)]
			[('value', 1), ('kind', None)]
	[('target', <ast.Name object at 0x7f211e45d2a0>), ('iter', <ast.Call object at 0x7f211e456e60>), ('body', [<ast.Assign object at 0x7f211e456f20>]), ('orelse', []), ('type_comment', None)]
		[('id', 'i'), ('ctx', <ast.Store object at 0x7f212ddbc1f0>)]
		[('func', <ast.Name object at 0x7f211e456e90>), ('args', [<ast.Constant object at 0x7f211e456ec0>, <ast.Name object at 0x7f211e456ef0>]), ('keywords', [])]
			[('id', 'range'), ('ctx', <ast.Load object at 0x7f212ddbc190>)]
			[('value', 2), ('kind', None)]
			[('id', 'n'), ('ctx', <ast.Load object at 0x7f212ddbc190>)]
		[('targets', [<ast.Subscript object at 0x7f211e456f50>]), ('value', <ast.BinOp object at 0x7f211e456fe0>), ('type_comment', None)]
			[('value', <ast.Name object at 0x7f211e456f80>), ('slice', <ast.Name object at 0x7f211e456fb0>), ('ctx', <ast.Store object at 0x7f212ddbc1f0>)]
				[('id', 'fib'), ('ctx', <ast.Load object at 0x7f212ddbc190>)]
				[('id', 'i'), ('ctx', <ast.Load object at 0x7f212ddbc190>)]
			[('left', <ast.Subscript object at 0x7f211e457010>), ('op', <ast.Add object at 0x7f212ddbc3d0>), ('right', <ast.Subscript object at 0x7f211e457100>)]
				[('value', <ast.Name object at 0x7f211e457040>), ('slice', <ast.BinOp object at 0x7f211e457070>), ('ctx', <ast.Load object at 0x7f212ddbc190>)]
					[('id', 'fib'), ('ctx', <ast.Load object at 0x7f212ddbc190>)]
					[('left', <ast.Name object at 0x7f211e4570a0>), ('op', <ast.Sub object at 0x7f212ddbc430>), ('right', <ast.Constant object at 0x7f211e4570d0>)]
						[('id', 'i'), ('ctx', <ast.Load object at 0x7f212ddbc190>)]
						[('value', 1), ('kind', None)]
				[('value', <ast.Name object at 0x7f211e457130>), ('slice', <ast.BinOp object at 0x7f211e457160>), ('ctx', <ast.Load object at 0x7f212ddbc190>)]
					[('id', 'fib'), ('ctx', <ast.Load object at 0x7f212ddbc190>)]
					[('left', <ast.Name object at 0x7f211e457190>), ('op', <ast.Sub object at 0x7f212ddbc430>), ('right', <ast.Constant object at 0x7f211e4571c0>)]
						[('id', 'i'), ('ctx', <ast.Load object at 0x7f212ddbc190>)]
						[('value', 2), ('kind', None)]
	[('value', <ast.Call object at 0x7f211e4571f0>)]
		[('func', <ast.Name object at 0x7f211e457220>), ('args', [<ast.Starred object at 0x7f211e457250>]), ('keywords', [])]
			[('id', 'print'), ('ctx', <ast.Load object at 0x7f212ddbc190>)]
			[('value', <ast.Name object at 0x7f211e457280>), ('ctx', <ast.Load object at 0x7f212ddbc190>)]
				[('id', 'fib'), ('ctx', <ast.Load object at 0x7f212ddbc190>)]
